2026-04-03 14:55:53,138 [SIGNAL04] ============================================================
2026-04-03 14:55:53,138 [SIGNAL04] SIGNAL 04 — BOLLINGER BANDS — START
2026-04-03 14:55:53,138 [SIGNAL04] ============================================================
2026-04-03 14:55:53,138 [SIGNAL04] Fetching GOLDBEES.NS — last 40 days...
2026-04-03 14:55:54,706 [SIGNAL04] Fetched 40 rows. Latest: 2026-04-02  close=₹120.58
2026-04-03 14:55:54,707 [SIGNAL04] BB: MB=₹125.4965 | UB=₹138.6803 | LB=₹112.3127 | %B=0.3135 | BW=21.0106% | Price=₹120.58
2026-04-03 14:55:54,707 [SIGNAL04] Market state: STRONG TREND | BB reliability: LOW
2026-04-03 14:55:54,707 [SIGNAL04] Zone: MID_BAND | %B=0.3135
2026-04-03 14:55:54,707 [SIGNAL04] VERDICT: WAIT | Confidence: NONE
2026-04-03 14:55:54,707 [SIGNAL04] SIGNAL 04 — BOLLINGER BANDS — END
2026-04-03 15:00:16,752 [SIGNAL04] ============================================================
2026-04-03 15:00:16,753 [SIGNAL04] SIGNAL 04 — BOLLINGER BANDS — START
2026-04-03 15:00:16,753 [SIGNAL04] ============================================================
2026-04-03 15:00:16,753 [SIGNAL04] Fetching GOLDBEES.NS — last 40 days...
2026-04-03 15:00:18,270 [SIGNAL04] Fetched 40 rows. Latest: 2026-04-02  close=₹120.58
2026-04-03 15:00:18,271 [SIGNAL04] BB: MB=₹125.4965 | UB=₹138.6803 | LB=₹112.3127 | %B=0.3135 | BW=21.0106% | Price=₹120.58
2026-04-03 15:00:18,271 [SIGNAL04] Market state: STRONG TREND | BB reliability: LOW
2026-04-03 15:00:18,271 [SIGNAL04] Zone: MID_BAND | %B=0.3135
2026-04-03 15:00:18,271 [SIGNAL04] VERDICT: WAIT | Confidence: NONE
2026-04-03 15:00:18,271 [SIGNAL04] SIGNAL 04 — BOLLINGER BANDS — END
